;  LST file generated by mikroListExporter - v.2.0 
; Date/Time: 29/07/2024 6:14:20 PM
;----------------------------------------------

;Address Opcode 	ASM
0x0000	0x2816      	GOTO       22
_____DoICP:
;__Lib_System.c,6 :: 		
;__Lib_System.c,9 :: 		
0x0003	0x1283      	BCF        STATUS, 5
0x0004	0x1303      	BCF        STATUS, 6
0x0005	0x0825      	MOVF       ___DoICPAddr+1, 0
0x0006	0x008A      	MOVWF      PCLATH
;__Lib_System.c,10 :: 		
0x0007	0x0824      	MOVF       ___DoICPAddr, 0
0x0008	0x0082      	MOVWF      PCL
;__Lib_System.c,12 :: 		
L_end_____DoICP:
0x0009	0x0008      	RETURN
; end of _____DoICP
___CC2DW:
;__Lib_System.c,134 :: 		
;__Lib_System.c,137 :: 		
_CC2D_Loop1:
;__Lib_System.c,139 :: 		
0x000A	0x2003      	CALL       _____DoICP
0x000B	0x118A      	BCF        PCLATH, 3
0x000C	0x120A      	BCF        PCLATH, 4
;__Lib_System.c,141 :: 		
0x000D	0x0080      	MOVWF      INDF
;__Lib_System.c,142 :: 		
0x000E	0x0A84      	INCF       FSR, 1
;__Lib_System.c,143 :: 		
0x000F	0x0AA4      	INCF       ___DoICPAddr, 1
;__Lib_System.c,145 :: 		
0x0010	0x1903      	BTFSC      STATUS, 2
;__Lib_System.c,146 :: 		
0x0011	0x0AA5      	INCF       ___DoICPAddr+1, 1
;__Lib_System.c,147 :: 		
0x0012	0x03F0      	DECF       R0, 1
;__Lib_System.c,149 :: 		
0x0013	0x1D03      	BTFSS      STATUS, 2
;__Lib_System.c,150 :: 		
0x0014	0x280A      	GOTO       _CC2D_Loop1
;__Lib_System.c,152 :: 		
L_end___CC2DW:
0x0015	0x0008      	RETURN
; end of ___CC2DW
_main:
0x0016	0x3002      	MOVLW      2
0x0017	0x1283      	BCF        STATUS, 5
0x0018	0x1303      	BCF        STATUS, 6
0x0019	0x00A0      	MOVWF      _count2
0x001A	0x01A1      	CLRF       33
0x001B	0x01A2      	CLRF       _count
0x001C	0x01A3      	CLRF       35
;traficl ight.c,3 :: 		void main() {
;traficl ight.c,4 :: 		trisb=0;
0x001D	0x1683      	BSF        STATUS, 5
0x001E	0x0186      	CLRF       TRISB
;traficl ight.c,5 :: 		trisd=0;
0x001F	0x0188      	CLRF       TRISD
;traficl ight.c,6 :: 		trisc=0;
0x0020	0x0187      	CLRF       TRISC
;traficl ight.c,7 :: 		trisc.RC0=0;
0x0021	0x1007      	BCF        TRISC, 0
;traficl ight.c,8 :: 		trisd.RD5=1;
0x0022	0x1688      	BSF        TRISD, 5
;traficl ight.c,9 :: 		trisd.RD6=1;
0x0023	0x1708      	BSF        TRISD, 6
;traficl ight.c,10 :: 		portb=0;
0x0024	0x1283      	BCF        STATUS, 5
0x0025	0x0186      	CLRF       PORTB
;traficl ight.c,11 :: 		portd=0;
0x0026	0x0188      	CLRF       PORTD
;traficl ight.c,12 :: 		portc=0;
0x0027	0x0187      	CLRF       PORTC
;traficl ight.c,13 :: 		portc.RC0=1;
0x0028	0x1407      	BSF        PORTC, 0
;traficl ight.c,14 :: 		while(1){
L_main0:
;traficl ight.c,15 :: 		if(portd.RD5==1 || portd.RD6==1){
0x0029	0x1A88      	BTFSC      PORTD, 5
0x002A	0x282E      	GOTO       L__main37
0x002B	0x1B08      	BTFSC      PORTD, 6
0x002C	0x282E      	GOTO       L__main37
0x002D	0x28A8      	GOTO       L_main4
L__main37:
;traficl ight.c,16 :: 		portc.RC2=1;  //RED 1 ON
0x002E	0x1507      	BSF        PORTC, 2
;traficl ight.c,17 :: 		portc.RC7=1;  //green 2 on
0x002F	0x1787      	BSF        PORTC, 7
;traficl ight.c,18 :: 		count2=2;
0x0030	0x3002      	MOVLW      2
0x0031	0x00A0      	MOVWF      _count2
0x0032	0x3000      	MOVLW      0
0x0033	0x00A1      	MOVWF      _count2+1
;traficl ight.c,19 :: 		portd=count2;
0x0034	0x3002      	MOVLW      2
0x0035	0x0088      	MOVWF      PORTD
;traficl ight.c,20 :: 		for(count=3;count>=0;count--){
0x0036	0x3003      	MOVLW      3
0x0037	0x00A2      	MOVWF      _count
0x0038	0x3000      	MOVLW      0
0x0039	0x00A3      	MOVWF      _count+1
L_main5:
0x003A	0x3080      	MOVLW      128
0x003B	0x0623      	XORWF      _count+1, 0
0x003C	0x00F0      	MOVWF      R0
0x003D	0x3080      	MOVLW      128
0x003E	0x0270      	SUBWF      R0, 0
0x003F	0x1D03      	BTFSS      STATUS, 2
0x0040	0x2843      	GOTO       L__main39
0x0041	0x3000      	MOVLW      0
0x0042	0x0222      	SUBWF      _count, 0
L__main39:
0x0043	0x1C03      	BTFSS      STATUS, 0
0x0044	0x285A      	GOTO       L_main6
;traficl ight.c,21 :: 		portb=count;
0x0045	0x0822      	MOVF       _count, 0
0x0046	0x0086      	MOVWF      PORTB
;traficl ight.c,22 :: 		delaY_ms(500);
0x0047	0x3006      	MOVLW      6
0x0048	0x00FB      	MOVWF      R11
0x0049	0x3013      	MOVLW      19
0x004A	0x00FC      	MOVWF      R12
0x004B	0x30AD      	MOVLW      173
0x004C	0x00FD      	MOVWF      R13
L_main8:
0x004D	0x0BFD      	DECFSZ     R13, 1
0x004E	0x284D      	GOTO       L_main8
0x004F	0x0BFC      	DECFSZ     R12, 1
0x0050	0x284D      	GOTO       L_main8
0x0051	0x0BFB      	DECFSZ     R11, 1
0x0052	0x284D      	GOTO       L_main8
0x0053	0x0000      	NOP
0x0054	0x0000      	NOP
;traficl ight.c,20 :: 		for(count=3;count>=0;count--){
0x0055	0x3001      	MOVLW      1
0x0056	0x02A2      	SUBWF      _count, 1
0x0057	0x1C03      	BTFSS      STATUS, 0
0x0058	0x03A3      	DECF       _count+1, 1
;traficl ight.c,23 :: 		}
0x0059	0x283A      	GOTO       L_main5
L_main6:
;traficl ight.c,24 :: 		count2--;
0x005A	0x3001      	MOVLW      1
0x005B	0x02A0      	SUBWF      _count2, 1
0x005C	0x1C03      	BTFSS      STATUS, 0
0x005D	0x03A1      	DECF       _count2+1, 1
;traficl ight.c,25 :: 		while(count2>=0){
L_main9:
0x005E	0x3080      	MOVLW      128
0x005F	0x0621      	XORWF      _count2+1, 0
0x0060	0x00F0      	MOVWF      R0
0x0061	0x3080      	MOVLW      128
0x0062	0x0270      	SUBWF      R0, 0
0x0063	0x1D03      	BTFSS      STATUS, 2
0x0064	0x2867      	GOTO       L__main40
0x0065	0x3000      	MOVLW      0
0x0066	0x0220      	SUBWF      _count2, 0
L__main40:
0x0067	0x1C03      	BTFSS      STATUS, 0
0x0068	0x28A6      	GOTO       L_main10
;traficl ight.c,26 :: 		portd=count2;
0x0069	0x0820      	MOVF       _count2, 0
0x006A	0x0088      	MOVWF      PORTD
;traficl ight.c,27 :: 		for(count=9;count>=0;count--){
0x006B	0x3009      	MOVLW      9
0x006C	0x00A2      	MOVWF      _count
0x006D	0x3000      	MOVLW      0
0x006E	0x00A3      	MOVWF      _count+1
L_main11:
0x006F	0x3080      	MOVLW      128
0x0070	0x0623      	XORWF      _count+1, 0
0x0071	0x00F0      	MOVWF      R0
0x0072	0x3080      	MOVLW      128
0x0073	0x0270      	SUBWF      R0, 0
0x0074	0x1D03      	BTFSS      STATUS, 2
0x0075	0x2878      	GOTO       L__main41
0x0076	0x3000      	MOVLW      0
0x0077	0x0222      	SUBWF      _count, 0
L__main41:
0x0078	0x1C03      	BTFSS      STATUS, 0
0x0079	0x28A1      	GOTO       L_main12
;traficl ight.c,28 :: 		portb=count;
0x007A	0x0822      	MOVF       _count, 0
0x007B	0x0086      	MOVWF      PORTB
;traficl ight.c,29 :: 		delaY_ms(500);
0x007C	0x3006      	MOVLW      6
0x007D	0x00FB      	MOVWF      R11
0x007E	0x3013      	MOVLW      19
0x007F	0x00FC      	MOVWF      R12
0x0080	0x30AD      	MOVLW      173
0x0081	0x00FD      	MOVWF      R13
L_main14:
0x0082	0x0BFD      	DECFSZ     R13, 1
0x0083	0x2882      	GOTO       L_main14
0x0084	0x0BFC      	DECFSZ     R12, 1
0x0085	0x2882      	GOTO       L_main14
0x0086	0x0BFB      	DECFSZ     R11, 1
0x0087	0x2882      	GOTO       L_main14
0x0088	0x0000      	NOP
0x0089	0x0000      	NOP
;traficl ight.c,30 :: 		if(count==4&&count2==0){
0x008A	0x3000      	MOVLW      0
0x008B	0x0623      	XORWF      _count+1, 0
0x008C	0x1D03      	BTFSS      STATUS, 2
0x008D	0x2890      	GOTO       L__main42
0x008E	0x3004      	MOVLW      4
0x008F	0x0622      	XORWF      _count, 0
L__main42:
0x0090	0x1D03      	BTFSS      STATUS, 2
0x0091	0x289C      	GOTO       L_main17
0x0092	0x3000      	MOVLW      0
0x0093	0x0621      	XORWF      _count2+1, 0
0x0094	0x1D03      	BTFSS      STATUS, 2
0x0095	0x2898      	GOTO       L__main43
0x0096	0x3000      	MOVLW      0
0x0097	0x0620      	XORWF      _count2, 0
L__main43:
0x0098	0x1D03      	BTFSS      STATUS, 2
0x0099	0x289C      	GOTO       L_main17
L__main36:
;traficl ight.c,31 :: 		portc.RC7=0;  //green 2 off after 20s
0x009A	0x1387      	BCF        PORTC, 7
;traficl ight.c,32 :: 		portc.RC6=1;  //yellow 2 on
0x009B	0x1707      	BSF        PORTC, 6
;traficl ight.c,34 :: 		}
L_main17:
;traficl ight.c,27 :: 		for(count=9;count>=0;count--){
0x009C	0x3001      	MOVLW      1
0x009D	0x02A2      	SUBWF      _count, 1
0x009E	0x1C03      	BTFSS      STATUS, 0
0x009F	0x03A3      	DECF       _count+1, 1
;traficl ight.c,35 :: 		}
0x00A0	0x286F      	GOTO       L_main11
L_main12:
;traficl ight.c,36 :: 		count2--;
0x00A1	0x3001      	MOVLW      1
0x00A2	0x02A0      	SUBWF      _count2, 1
0x00A3	0x1C03      	BTFSS      STATUS, 0
0x00A4	0x03A1      	DECF       _count2+1, 1
;traficl ight.c,37 :: 		}
0x00A5	0x285E      	GOTO       L_main9
L_main10:
;traficl ight.c,38 :: 		portc.RC6=0;  //yellow 2 off
0x00A6	0x1307      	BCF        PORTC, 6
;traficl ight.c,39 :: 		portc.RC2=0;  //RED 1 Off
0x00A7	0x1107      	BCF        PORTC, 2
;traficl ight.c,40 :: 		}
L_main4:
;traficl ight.c,41 :: 		if(portd.RD5==1 || portd.RD6==0){
0x00A8	0x1A88      	BTFSC      PORTD, 5
0x00A9	0x28AD      	GOTO       L__main35
0x00AA	0x1F08      	BTFSS      PORTD, 6
0x00AB	0x28AD      	GOTO       L__main35
0x00AC	0x292B      	GOTO       L_main20
L__main35:
;traficl ight.c,42 :: 		portc.RC5=1;  //RED 2 ON
0x00AD	0x1687      	BSF        PORTC, 5
;traficl ight.c,43 :: 		portc.RC4=1;  //green 1 on
0x00AE	0x1607      	BSF        PORTC, 4
;traficl ight.c,44 :: 		count2=1;
0x00AF	0x3001      	MOVLW      1
0x00B0	0x00A0      	MOVWF      _count2
0x00B1	0x3000      	MOVLW      0
0x00B2	0x00A1      	MOVWF      _count2+1
;traficl ight.c,45 :: 		portd=count2;
0x00B3	0x3001      	MOVLW      1
0x00B4	0x0088      	MOVWF      PORTD
;traficl ight.c,46 :: 		for(count=5;count>=0;count--){
0x00B5	0x3005      	MOVLW      5
0x00B6	0x00A2      	MOVWF      _count
0x00B7	0x3000      	MOVLW      0
0x00B8	0x00A3      	MOVWF      _count+1
L_main21:
0x00B9	0x3080      	MOVLW      128
0x00BA	0x0623      	XORWF      _count+1, 0
0x00BB	0x00F0      	MOVWF      R0
0x00BC	0x3080      	MOVLW      128
0x00BD	0x0270      	SUBWF      R0, 0
0x00BE	0x1D03      	BTFSS      STATUS, 2
0x00BF	0x28C2      	GOTO       L__main44
0x00C0	0x3000      	MOVLW      0
0x00C1	0x0222      	SUBWF      _count, 0
L__main44:
0x00C2	0x1C03      	BTFSS      STATUS, 0
0x00C3	0x28D9      	GOTO       L_main22
;traficl ight.c,47 :: 		portb=count;
0x00C4	0x0822      	MOVF       _count, 0
0x00C5	0x0086      	MOVWF      PORTB
;traficl ight.c,48 :: 		delaY_ms(500);
0x00C6	0x3006      	MOVLW      6
0x00C7	0x00FB      	MOVWF      R11
0x00C8	0x3013      	MOVLW      19
0x00C9	0x00FC      	MOVWF      R12
0x00CA	0x30AD      	MOVLW      173
0x00CB	0x00FD      	MOVWF      R13
L_main24:
0x00CC	0x0BFD      	DECFSZ     R13, 1
0x00CD	0x28CC      	GOTO       L_main24
0x00CE	0x0BFC      	DECFSZ     R12, 1
0x00CF	0x28CC      	GOTO       L_main24
0x00D0	0x0BFB      	DECFSZ     R11, 1
0x00D1	0x28CC      	GOTO       L_main24
0x00D2	0x0000      	NOP
0x00D3	0x0000      	NOP
;traficl ight.c,46 :: 		for(count=5;count>=0;count--){
0x00D4	0x3001      	MOVLW      1
0x00D5	0x02A2      	SUBWF      _count, 1
0x00D6	0x1C03      	BTFSS      STATUS, 0
0x00D7	0x03A3      	DECF       _count+1, 1
;traficl ight.c,49 :: 		}
0x00D8	0x28B9      	GOTO       L_main21
L_main22:
;traficl ight.c,50 :: 		count2--;
0x00D9	0x3001      	MOVLW      1
0x00DA	0x02A0      	SUBWF      _count2, 1
0x00DB	0x1C03      	BTFSS      STATUS, 0
0x00DC	0x03A1      	DECF       _count2+1, 1
;traficl ight.c,51 :: 		while(count2>=0){
L_main25:
0x00DD	0x3080      	MOVLW      128
0x00DE	0x0621      	XORWF      _count2+1, 0
0x00DF	0x00F0      	MOVWF      R0
0x00E0	0x3080      	MOVLW      128
0x00E1	0x0270      	SUBWF      R0, 0
0x00E2	0x1D03      	BTFSS      STATUS, 2
0x00E3	0x28E6      	GOTO       L__main45
0x00E4	0x3000      	MOVLW      0
0x00E5	0x0220      	SUBWF      _count2, 0
L__main45:
0x00E6	0x1C03      	BTFSS      STATUS, 0
0x00E7	0x2925      	GOTO       L_main26
;traficl ight.c,52 :: 		portd=count2;
0x00E8	0x0820      	MOVF       _count2, 0
0x00E9	0x0088      	MOVWF      PORTD
;traficl ight.c,53 :: 		for(count=9;count>=0;count--){
0x00EA	0x3009      	MOVLW      9
0x00EB	0x00A2      	MOVWF      _count
0x00EC	0x3000      	MOVLW      0
0x00ED	0x00A3      	MOVWF      _count+1
L_main27:
0x00EE	0x3080      	MOVLW      128
0x00EF	0x0623      	XORWF      _count+1, 0
0x00F0	0x00F0      	MOVWF      R0
0x00F1	0x3080      	MOVLW      128
0x00F2	0x0270      	SUBWF      R0, 0
0x00F3	0x1D03      	BTFSS      STATUS, 2
0x00F4	0x28F7      	GOTO       L__main46
0x00F5	0x3000      	MOVLW      0
0x00F6	0x0222      	SUBWF      _count, 0
L__main46:
0x00F7	0x1C03      	BTFSS      STATUS, 0
0x00F8	0x2920      	GOTO       L_main28
;traficl ight.c,54 :: 		portb=count;
0x00F9	0x0822      	MOVF       _count, 0
0x00FA	0x0086      	MOVWF      PORTB
;traficl ight.c,55 :: 		delaY_ms(500);
0x00FB	0x3006      	MOVLW      6
0x00FC	0x00FB      	MOVWF      R11
0x00FD	0x3013      	MOVLW      19
0x00FE	0x00FC      	MOVWF      R12
0x00FF	0x30AD      	MOVLW      173
0x0100	0x00FD      	MOVWF      R13
L_main30:
0x0101	0x0BFD      	DECFSZ     R13, 1
0x0102	0x2901      	GOTO       L_main30
0x0103	0x0BFC      	DECFSZ     R12, 1
0x0104	0x2901      	GOTO       L_main30
0x0105	0x0BFB      	DECFSZ     R11, 1
0x0106	0x2901      	GOTO       L_main30
0x0107	0x0000      	NOP
0x0108	0x0000      	NOP
;traficl ight.c,56 :: 		if(count==4&&count2==0){
0x0109	0x3000      	MOVLW      0
0x010A	0x0623      	XORWF      _count+1, 0
0x010B	0x1D03      	BTFSS      STATUS, 2
0x010C	0x290F      	GOTO       L__main47
0x010D	0x3004      	MOVLW      4
0x010E	0x0622      	XORWF      _count, 0
L__main47:
0x010F	0x1D03      	BTFSS      STATUS, 2
0x0110	0x291B      	GOTO       L_main33
0x0111	0x3000      	MOVLW      0
0x0112	0x0621      	XORWF      _count2+1, 0
0x0113	0x1D03      	BTFSS      STATUS, 2
0x0114	0x2917      	GOTO       L__main48
0x0115	0x3000      	MOVLW      0
0x0116	0x0620      	XORWF      _count2, 0
L__main48:
0x0117	0x1D03      	BTFSS      STATUS, 2
0x0118	0x291B      	GOTO       L_main33
L__main34:
;traficl ight.c,57 :: 		portc.RC4=0;  //green 1 off
0x0119	0x1207      	BCF        PORTC, 4
;traficl ight.c,58 :: 		portc.RC3=1;  //yellow 1 on
0x011A	0x1587      	BSF        PORTC, 3
;traficl ight.c,59 :: 		}
L_main33:
;traficl ight.c,53 :: 		for(count=9;count>=0;count--){
0x011B	0x3001      	MOVLW      1
0x011C	0x02A2      	SUBWF      _count, 1
0x011D	0x1C03      	BTFSS      STATUS, 0
0x011E	0x03A3      	DECF       _count+1, 1
;traficl ight.c,60 :: 		}
0x011F	0x28EE      	GOTO       L_main27
L_main28:
;traficl ight.c,61 :: 		count2--;
0x0120	0x3001      	MOVLW      1
0x0121	0x02A0      	SUBWF      _count2, 1
0x0122	0x1C03      	BTFSS      STATUS, 0
0x0123	0x03A1      	DECF       _count2+1, 1
;traficl ight.c,62 :: 		}
0x0124	0x28DD      	GOTO       L_main25
L_main26:
;traficl ight.c,63 :: 		portc.RC3=0;  //yellow 1 off
0x0125	0x1187      	BCF        PORTC, 3
;traficl ight.c,64 :: 		portc.RC5=0;  //red 2 off
0x0126	0x1287      	BCF        PORTC, 5
;traficl ight.c,65 :: 		count2=2;
0x0127	0x3002      	MOVLW      2
0x0128	0x00A0      	MOVWF      _count2
0x0129	0x3000      	MOVLW      0
0x012A	0x00A1      	MOVWF      _count2+1
;traficl ight.c,66 :: 		}
L_main20:
;traficl ight.c,67 :: 		}
0x012B	0x2829      	GOTO       L_main0
;traficl ight.c,68 :: 		}
L_end_main:
0x012C	0x292C      	GOTO       $+0
; end of _main
Symbol List:
//** Routines locations **
//ADDRESS    SIZE    PROCEDURE
//----------------------------------------------
0x0003       [7]    _____DoICP
0x000A      [12]    ___CC2DW
0x0016     [279]    _main
//** Variables locations ** 
//ADDRESS    SIZE    VARIABLE
//----------------------------------------------
0x0000       [1]    INDF
0x0002       [1]    PCL
0x0003       [1]    STATUS
0x0004       [1]    FSR
0x0006       [1]    PORTB
0x0007       [1]    PORTC
0x0008       [1]    PORTD
0x000A       [1]    PCLATH
0x0020       [2]    _count2
0x0022       [2]    _count
0x0024       [2]    ___DoICPAddr
0x0070       [1]    R0
0x0071       [1]    R1
0x0072       [1]    R2
0x0073       [1]    R3
0x0074       [1]    R4
0x0075       [1]    R5
0x0076       [1]    R6
0x0077       [1]    R7
0x0078       [1]    R8
0x0079       [1]    R9
0x007A       [1]    R10
0x007B       [1]    R11
0x007C       [1]    R12
0x007D       [1]    R13
0x007E       [1]    R14
0x007F       [1]    R15
0x0086       [1]    TRISB
0x0087       [1]    TRISC
0x0088       [1]    TRISD
//** Label List: ** 
//----------------------------------------------
  L_main0
  L_main1
  L_main2
  L_main3
  L_main4
  L_main5
  L_main6
  L_main7
  L_main8
  L_main9
  L_main10
  L_main11
  L_main12
  L_main13
  L_main14
  L_main15
  L_main16
  L_main17
  L_main18
  L_main19
  L_main20
  L_main21
  L_main22
  L_main23
  L_main24
  L_main25
  L_main26
  L_main27
  L_main28
  L_main29
  L_main30
  L_main31
  L_main32
  L_main33
  L__main34
  L__main35
  L__main36
  L__main37
  L_end_main
  _main
  L__main39
  L__main40
  L__main41
  L__main42
  L__main43
  L__main44
  L__main45
  L__main46
  L__main47
  L__main48
  L_loopCA2AWs
  L_CA2AWend
  _CCA2AW_Loop1
  L_loopCS2Ss
  L_CS2Send
  _CCS2S_Loop1
  L_CCS2Send
  L_loopFZinSWs
  L_FZinSend
  _CC2D_Loop1
  L_end_____DoICP
  _____DoICP
  L_end_____DoIFC
  _____DoIFC
  L_end___CA2AW
  ___CA2AW
  L_end___CCA2AW
  ___CCA2AW
  L_end___CS2S
  ___CS2S
  L_end___CCS2S
  ___CCS2S
  L_end___FZinS
  ___FZinS
  L_end___CC2DW
  ___CC2DW
  L_end_Swap
  _Swap
